<?xml version="1.0" encoding="UTF-8"?>
<testsuites>
  <testsuite name="test_runner.exe" errors="0" failures="0" skipped="0" tests="5023" hostname="tbd" time="3.224" timestamp="2023-11-16T22:00:59Z">
    <properties>
      <property name="random-seed" value="320380084"/>
    </properties>
    <testcase classname="test_runner.exe.global" name="AudioMidiLoop - Audio - Stop" time="0.001" status="run"/>
    <testcase classname="test_runner.exe.global" name="AudioMidiLoop - Audio - Record" time="0.001" status="run"/>
    <testcase classname="test_runner.exe.global" name="AudioMidiLoop - Audio - Record Beyond Ext. Buf" time="0.000" status="run"/>
    <testcase classname="test_runner.exe.global" name="AudioMidiLoop - Audio - Record Multiple Target" time="0.008" status="run"/>
    <testcase classname="test_runner.exe.global" name="AudioMidiLoop - Audio - Record Multiple Source" time="0.006" status="run"/>
    <testcase classname="test_runner.exe.global" name="AudioMidiLoop - Audio - Record Onto Smaller" time="0.002" status="run"/>
    <testcase classname="test_runner.exe.global" name="AudioMidiLoop - Audio - Record Onto Larger" time="0.001" status="run"/>
    <testcase classname="test_runner.exe.global" name="AudioMidiLoop - Audio - Playback" time="0.002" status="run"/>
    <testcase classname="test_runner.exe.global" name="AudioMidiLoop - Audio - Playback Multiple Target" time="0.008" status="run"/>
    <testcase classname="test_runner.exe.global" name="AudioMidiLoop - Audio - Playback Shorter Data" time="0.001" status="run"/>
    <testcase classname="test_runner.exe.global" name="AudioMidiLoop - Audio - Playback Wrap" time="0.001" status="run"/>
    <testcase classname="test_runner.exe.global" name="AudioMidiLoop - Audio - Playback Wrap Longer Data" time="0.001" status="run"/>
    <testcase classname="test_runner.exe.global" name="AudioMidiLoop - Audio - Replace" time="0.002" status="run"/>
    <testcase classname="test_runner.exe.global" name="AudioMidiLoop - Audio - Replace Onto Smaller" time="0.001" status="run"/>
    <testcase classname="test_runner.exe.global" name="AudioMidiLoop - Audio - Play Dry Through Wet" time="0.001" status="run"/>
    <testcase classname="test_runner.exe.global" name="AudioMidiLoop - Audio - Record Dry Into Wet" time="0.004" status="run"/>
    <testcase classname="test_runner.exe.global" name="AudioMidiLoop - Audio - Prerecord" time="0.002" status="run"/>
    <testcase classname="test_runner.exe.global" name="AudioMidiLoop - Audio - Preplay" time="0.004" status="run"/>
    <testcase classname="test_runner.exe.global" name="AudioMidiLoop - Midi - Stop" time="0.003" status="run"/>
    <testcase classname="test_runner.exe.global" name="AudioMidiLoop - Midi - Record" time="0.002" status="run"/>
    <testcase classname="test_runner.exe.global" name="AudioMidiLoop - Midi - Record Append Out-of-order" time="0.003" status="run">
      <system-out>
[\x1B[35mBackend.MidiChannel.Storage\x1B[0m] [\x1B[33mwarning\x1B[0m] [@0x20bf1dcf270] Ignoring store of out-of-order MIDI message.
      </system-out>
    </testcase>
    <testcase classname="test_runner.exe.global" name="AudioMidiLoop - Midi - Record multiple source buffers" time="0.003" status="run"/>
    <testcase classname="test_runner.exe.global" name="AudioMidiLoop - Midi - Record onto longer buffer" time="0.002" status="run"/>
    <testcase classname="test_runner.exe.global" name="AudioMidiLoop - Midi - Playback" time="0.002" status="run"/>
    <testcase classname="test_runner.exe.global" name="AudioMidiLoop - Midi - Prerecord" time="0.003" status="run"/>
    <testcase classname="test_runner.exe.global" name="AudioMidiLoop - Midi - Preplay" time="0.010" status="run"/>
    <testcase classname="test_runner.exe.global" name="AudioMidiLoop - Midi - State tracking" time="0.006" status="run"/>
    <testcase classname="test_runner.exe.global" name="BasicLoop - Stop" time="0.000" status="run"/>
    <testcase classname="test_runner.exe.global" name="BasicLoop - Record" time="0.000" status="run"/>
    <testcase classname="test_runner.exe.global" name="BasicLoop - Planned Transition" time="0.000" status="run"/>
    <testcase classname="test_runner.exe.global" name="BasicLoop - Planned Transition delayed" time="0.000" status="run"/>
    <testcase classname="test_runner.exe.global" name="BasicLoop - Planned Transitions delayed" time="0.001" status="run"/>
    <testcase classname="test_runner.exe.global" name="BasicLoop - Planned Transitions Cancellation 1" time="0.000" status="run"/>
    <testcase classname="test_runner.exe.global" name="BasicLoop - Generate Trigger" time="0.000" status="run"/>
    <testcase classname="test_runner.exe.global" name="BasicLoop - Generate Trigger on restart" time="0.000" status="run"/>
    <testcase classname="test_runner.exe.global" name="BasicLoop - Playback 0 length" time="0.000" status="run"/>
    <testcase classname="test_runner.exe.global" name="DummyAudioSystem - Automatic" time="0.015" status="run"/>
    <testcase classname="test_runner.exe.global" name="DummyAudioSystem - Controlled" time="0.281" status="run"/>
    <testcase classname="test_runner.exe.global" name="DummyAudioSystem - Input port default" time="0.000" status="run"/>
    <testcase classname="test_runner.exe.global" name="DummyAudioSystem - Input port queue" time="0.000" status="run"/>
    <testcase classname="test_runner.exe.global" name="DummyAudioSystem - Input port queue consume multiple" time="0.000" status="run"/>
    <testcase classname="test_runner.exe.global" name="DummyAudioSystem - Input port queue consume combine" time="0.000" status="run"/>
    <testcase classname="test_runner.exe.global" name="LibShoopdaloop - Create destroy back-end" time="0.011" status="run"/>
    <testcase classname="test_runner.exe.global" name="LibShoopdaloop - Create destroy loop" time="0.013" status="run"/>
    <testcase classname="test_runner.exe.global" name="LibShoopdaloop - Create destroy back-end loop destroyed" time="0.013" status="run"/>
    <testcase classname="test_runner.exe.global" name="LibShoopdaloop - Channels not destroyed with loop" time="0.028" status="run"/>
    <testcase classname="test_runner.exe.global" name="SyncedBasicLoops - Simple" time="0.000" status="run"/>
    <testcase classname="test_runner.exe.global" name="SyncedBasicLoops - Loop Restart" time="0.000" status="run"/>
    <testcase classname="test_runner.exe.global" name="SyncedBasicLoops - Loop Restart Playing" time="0.001" status="run"/>
    <testcase classname="test_runner.exe.global" name="Chains - DryWet Basic" time="0.510" status="run"/>
    <testcase classname="test_runner.exe.global" name="Chains - DryWet record basic" time="0.172" status="run"/>
    <testcase classname="test_runner.exe.global" name="Chains - DryWet record passthrough muted" time="0.203" status="run"/>
    <testcase classname="test_runner.exe.global" name="Chains - DryWet record muted" time="0.142" status="run"/>
    <testcase classname="test_runner.exe.global" name="Chains - DryWet record volume" time="0.174" status="run"/>
    <testcase classname="test_runner.exe.global" name="Chains - DryWet playback basic" time="0.219" status="run"/>
    <testcase classname="test_runner.exe.global" name="Chains - DryWet playback volume" time="0.236" status="run"/>
    <testcase classname="test_runner.exe.global" name="Chains - DryWet dry playback basic" time="0.251" status="run"/>
    <testcase classname="test_runner.exe.global" name="Chains - DryWet dry playback volume" time="0.266" status="run"/>
    <testcase classname="test_runner.exe.global" name="Chains - DryWet dry playback input passthrough muted" time="0.295" status="run"/>
    <testcase classname="test_runner.exe.global" name="Chains - DryWet dry playback input muted" time="0.296" status="run"/>
    <system-out>
[\x1B[35mBackend.MidiChannel.Storage\x1B[0m] [\x1B[33mwarning\x1B[0m] [@0x20bf1dcf270] Ignoring store of out-of-order MIDI message.
    </system-out>
    <system-err/>
  </testsuite>
</testsuites>
